2023-12-03 20:00:10.555 [info] Extension host with pid 13045 started
2023-12-03 20:00:10.557 [info] Skipping acquiring lock for /home/rosalio/Escritorio/boilerplate-project-timestamp/temp/User/workspaceStorage/b98cf0f0a4ef0c217cc0ee20babd8027.
2023-12-03 20:00:11.862 [info] ExtensionService#_doActivateExtension vscode.git-base, startup: true, activationEvent: '*'
2023-12-03 20:00:11.914 [info] ExtensionService#_doActivateExtension vscode.npm, startup: true, activationEvent: 'workspaceContains:package.json'
2023-12-03 20:00:13.329 [info] ExtensionService#_doActivateExtension vscode.github, startup: true, activationEvent: '*'
2023-12-03 20:00:14.390 [info] Eager extensions activated
2023-12-03 20:00:14.457 [info] ExtensionService#_doActivateExtension vscode.debug-auto-launch, startup: false, activationEvent: 'onStartupFinished'
2023-12-03 20:00:14.475 [info] ExtensionService#_doActivateExtension vscode.merge-conflict, startup: false, activationEvent: 'onStartupFinished'
2023-12-03 20:00:18.614 [info] ExtensionService#_doActivateExtension vscode.git, startup: false, activationEvent: 'api', root cause: vscode.github
2023-12-03 20:00:19.635 [info] ExtensionService#_doActivateExtension ritwickdey.LiveServer, startup: false, activationEvent: 'onStartupFinished'
2023-12-03 20:00:19.689 [info] ExtensionService#_doActivateExtension shannonliang.js-intellisense, startup: false, activationEvent: '*'
2023-12-03 20:00:21.748 [info] ExtensionService#_doActivateExtension vscode.github-authentication, startup: false, activationEvent: 'onAuthenticationRequest:github'
2023-12-03 20:00:32.731 [info] ExtensionService#_doActivateExtension vscode.typescript-language-features, startup: false, activationEvent: 'onLanguage:javascript'
2023-12-03 20:00:33.149 [info] ExtensionService#_doActivateExtension leizongmin.node-module-intellisense, startup: false, activationEvent: 'onLanguage:javascript'
2023-12-03 20:00:33.190 [info] ExtensionService#_doActivateExtension vscode.emmet, startup: false, activationEvent: 'onLanguage'
2023-12-03 20:01:29.046 [info] ExtensionService#_doActivateExtension vscode.extension-editing, startup: false, activationEvent: 'onLanguage:json'
2023-12-03 20:01:29.114 [info] ExtensionService#_doActivateExtension vscode.json-language-features, startup: false, activationEvent: 'onLanguage:json'
2023-12-03 20:01:41.277 [warning] [Decorations] CAPPING events from decorations provider vscode.git 255
2023-12-03 20:01:46.508 [warning] [Decorations] CAPPING events from decorations provider vscode.git 255
2023-12-03 20:01:51.811 [warning] [Decorations] CAPPING events from decorations provider vscode.git 255
2023-12-03 20:01:57.096 [warning] [Decorations] CAPPING events from decorations provider vscode.git 255
2023-12-03 20:02:02.240 [warning] [Decorations] CAPPING events from decorations provider vscode.git 255
2023-12-03 20:02:07.510 [warning] [Decorations] CAPPING events from decorations provider vscode.git 255
2023-12-03 20:02:12.679 [warning] [Decorations] CAPPING events from decorations provider vscode.git 255
2023-12-03 20:02:17.836 [warning] [Decorations] CAPPING events from decorations provider vscode.git 255
2023-12-03 20:02:23.069 [warning] [Decorations] CAPPING events from decorations provider vscode.git 255
2023-12-03 20:02:28.294 [warning] [Decorations] CAPPING events from decorations provider vscode.git 257
2023-12-03 20:02:33.548 [warning] [Decorations] CAPPING events from decorations provider vscode.git 257
2023-12-03 20:02:38.676 [warning] [Decorations] CAPPING events from decorations provider vscode.git 257
2023-12-03 20:02:43.803 [warning] [Decorations] CAPPING events from decorations provider vscode.git 257
2023-12-03 20:02:48.964 [warning] [Decorations] CAPPING events from decorations provider vscode.git 257
2023-12-03 20:02:54.100 [warning] [Decorations] CAPPING events from decorations provider vscode.git 257
2023-12-03 20:02:59.340 [warning] [Decorations] CAPPING events from decorations provider vscode.git 257
2023-12-03 20:03:04.458 [warning] [Decorations] CAPPING events from decorations provider vscode.git 257
2023-12-03 20:04:05.405 [warning] [Decorations] CAPPING events from decorations provider vscode.git 257
2023-12-03 20:04:10.672 [warning] [Decorations] CAPPING events from decorations provider vscode.git 257
2023-12-03 20:04:15.998 [warning] [Decorations] CAPPING events from decorations provider vscode.git 257
2023-12-03 20:04:21.263 [warning] [Decorations] CAPPING events from decorations provider vscode.git 257
2023-12-03 20:04:26.533 [warning] [Decorations] CAPPING events from decorations provider vscode.git 257
2023-12-03 20:04:31.786 [warning] [Decorations] CAPPING events from decorations provider vscode.git 257
2023-12-03 20:04:37.023 [warning] [Decorations] CAPPING events from decorations provider vscode.git 257
2023-12-03 20:04:42.217 [warning] [Decorations] CAPPING events from decorations provider vscode.git 257
2023-12-03 20:04:47.474 [warning] [Decorations] CAPPING events from decorations provider vscode.git 257
2023-12-03 20:04:52.741 [warning] [Decorations] CAPPING events from decorations provider vscode.git 257
2023-12-03 20:04:58.013 [warning] [Decorations] CAPPING events from decorations provider vscode.git 257
2023-12-03 20:05:03.300 [warning] [Decorations] CAPPING events from decorations provider vscode.git 257
2023-12-03 20:05:08.495 [warning] [Decorations] CAPPING events from decorations provider vscode.git 257
2023-12-03 20:05:13.659 [warning] [Decorations] CAPPING events from decorations provider vscode.git 257
2023-12-03 20:05:18.903 [warning] [Decorations] CAPPING events from decorations provider vscode.git 257
2023-12-03 20:05:24.195 [warning] [Decorations] CAPPING events from decorations provider vscode.git 257
2023-12-03 20:05:29.405 [warning] [Decorations] CAPPING events from decorations provider vscode.git 257
2023-12-03 20:05:34.647 [warning] [Decorations] CAPPING events from decorations provider vscode.git 257
2023-12-03 20:05:39.879 [warning] [Decorations] CAPPING events from decorations provider vscode.git 257
2023-12-03 20:05:45.146 [warning] [Decorations] CAPPING events from decorations provider vscode.git 257
2023-12-03 20:05:50.366 [warning] [Decorations] CAPPING events from decorations provider vscode.git 257
2023-12-03 20:05:55.605 [warning] [Decorations] CAPPING events from decorations provider vscode.git 257
2023-12-03 20:06:00.902 [warning] [Decorations] CAPPING events from decorations provider vscode.git 257
2023-12-03 20:06:06.158 [warning] [Decorations] CAPPING events from decorations provider vscode.git 257
2023-12-03 20:06:11.399 [warning] [Decorations] CAPPING events from decorations provider vscode.git 257
2023-12-03 20:06:16.622 [warning] [Decorations] CAPPING events from decorations provider vscode.git 257
2023-12-03 20:06:21.858 [warning] [Decorations] CAPPING events from decorations provider vscode.git 257
2023-12-03 20:06:27.102 [warning] [Decorations] CAPPING events from decorations provider vscode.git 257
2023-12-03 20:06:32.360 [warning] [Decorations] CAPPING events from decorations provider vscode.git 257
2023-12-03 20:06:37.450 [warning] [Decorations] CAPPING events from decorations provider vscode.git 257
2023-12-03 20:06:47.553 [warning] [Decorations] CAPPING events from decorations provider vscode.git 257
2023-12-03 20:06:52.645 [warning] [Decorations] CAPPING events from decorations provider vscode.git 257
2023-12-03 20:06:57.746 [warning] [Decorations] CAPPING events from decorations provider vscode.git 257
2023-12-03 20:07:07.448 [warning] [Decorations] CAPPING events from decorations provider vscode.git 257
2023-12-03 20:07:12.552 [warning] [Decorations] CAPPING events from decorations provider vscode.git 257
2023-12-03 20:07:17.631 [warning] [Decorations] CAPPING events from decorations provider vscode.git 257
2023-12-03 20:07:22.712 [warning] [Decorations] CAPPING events from decorations provider vscode.git 257
2023-12-03 20:07:34.245 [warning] [Decorations] CAPPING events from decorations provider vscode.git 257
2023-12-03 20:07:39.359 [warning] [Decorations] CAPPING events from decorations provider vscode.git 257
2023-12-03 20:07:44.480 [warning] [Decorations] CAPPING events from decorations provider vscode.git 257
2023-12-03 20:07:49.573 [warning] [Decorations] CAPPING events from decorations provider vscode.git 257
2023-12-03 20:07:54.701 [warning] [Decorations] CAPPING events from decorations provider vscode.git 257
2023-12-03 20:07:59.807 [warning] [Decorations] CAPPING events from decorations provider vscode.git 257
2023-12-03 20:08:04.928 [warning] [Decorations] CAPPING events from decorations provider vscode.git 257
2023-12-03 20:08:10.009 [warning] [Decorations] CAPPING events from decorations provider vscode.git 257
2023-12-03 20:08:15.108 [warning] [Decorations] CAPPING events from decorations provider vscode.git 257
2023-12-03 20:08:20.360 [warning] [Decorations] CAPPING events from decorations provider vscode.git 257
2023-12-03 20:08:25.603 [warning] [Decorations] CAPPING events from decorations provider vscode.git 257
2023-12-03 20:08:30.871 [warning] [Decorations] CAPPING events from decorations provider vscode.git 257
2023-12-03 20:08:36.158 [warning] [Decorations] CAPPING events from decorations provider vscode.git 257
2023-12-03 20:08:41.243 [warning] [Decorations] CAPPING events from decorations provider vscode.git 257
2023-12-03 20:08:46.334 [warning] [Decorations] CAPPING events from decorations provider vscode.git 257
2023-12-03 20:08:51.527 [warning] [Decorations] CAPPING events from decorations provider vscode.git 257
2023-12-03 20:08:56.710 [warning] [Decorations] CAPPING events from decorations provider vscode.git 258
2023-12-03 20:09:01.891 [warning] [Decorations] CAPPING events from decorations provider vscode.git 260
2023-12-03 20:09:07.100 [warning] [Decorations] CAPPING events from decorations provider vscode.git 259
2023-12-03 20:09:12.189 [warning] [Decorations] CAPPING events from decorations provider vscode.git 259
2023-12-03 20:09:17.391 [warning] [Decorations] CAPPING events from decorations provider vscode.git 259
2023-12-03 20:09:22.865 [warning] [Decorations] CAPPING events from decorations provider vscode.git 260
2023-12-03 20:09:28.096 [warning] [Decorations] CAPPING events from decorations provider vscode.git 260
2023-12-03 20:09:33.345 [warning] [Decorations] CAPPING events from decorations provider vscode.git 260
2023-12-03 20:09:38.552 [warning] [Decorations] CAPPING events from decorations provider vscode.git 260
2023-12-03 20:09:43.858 [warning] [Decorations] CAPPING events from decorations provider vscode.git 260
2023-12-03 20:09:49.099 [warning] [Decorations] CAPPING events from decorations provider vscode.git 260
2023-12-03 20:09:54.316 [warning] [Decorations] CAPPING events from decorations provider vscode.git 260
2023-12-03 20:09:59.556 [warning] [Decorations] CAPPING events from decorations provider vscode.git 260
2023-12-03 20:10:04.800 [warning] [Decorations] CAPPING events from decorations provider vscode.git 260
2023-12-03 20:10:10.067 [warning] [Decorations] CAPPING events from decorations provider vscode.git 260
2023-12-03 20:10:15.285 [warning] [Decorations] CAPPING events from decorations provider vscode.git 260
2023-12-03 20:10:20.509 [warning] [Decorations] CAPPING events from decorations provider vscode.git 260
2023-12-03 20:10:25.603 [warning] [Decorations] CAPPING events from decorations provider vscode.git 260
2023-12-03 20:10:30.815 [warning] [Decorations] CAPPING events from decorations provider vscode.git 260
2023-12-03 20:10:36.002 [warning] [Decorations] CAPPING events from decorations provider vscode.git 260
2023-12-03 20:10:41.300 [warning] [Decorations] CAPPING events from decorations provider vscode.git 260
2023-12-03 20:10:46.587 [warning] [Decorations] CAPPING events from decorations provider vscode.git 260
2023-12-03 20:10:51.799 [warning] [Decorations] CAPPING events from decorations provider vscode.git 260
2023-12-03 20:10:57.044 [warning] [Decorations] CAPPING events from decorations provider vscode.git 260
2023-12-03 20:11:02.228 [warning] [Decorations] CAPPING events from decorations provider vscode.git 260
2023-12-03 20:11:07.502 [warning] [Decorations] CAPPING events from decorations provider vscode.git 260
2023-12-03 20:11:12.825 [warning] [Decorations] CAPPING events from decorations provider vscode.git 260
2023-12-03 20:11:17.984 [warning] [Decorations] CAPPING events from decorations provider vscode.git 260
2023-12-03 20:11:23.177 [warning] [Decorations] CAPPING events from decorations provider vscode.git 260
2023-12-03 20:11:28.451 [warning] [Decorations] CAPPING events from decorations provider vscode.git 260
2023-12-03 20:11:33.713 [warning] [Decorations] CAPPING events from decorations provider vscode.git 260
2023-12-03 20:11:38.913 [warning] [Decorations] CAPPING events from decorations provider vscode.git 260
2023-12-03 20:11:44.050 [warning] [Decorations] CAPPING events from decorations provider vscode.git 260
2023-12-03 20:11:49.255 [warning] [Decorations] CAPPING events from decorations provider vscode.git 260
2023-12-03 20:11:54.486 [warning] [Decorations] CAPPING events from decorations provider vscode.git 260
2023-12-03 20:11:59.703 [warning] [Decorations] CAPPING events from decorations provider vscode.git 260
2023-12-03 20:12:04.838 [warning] [Decorations] CAPPING events from decorations provider vscode.git 260
2023-12-03 20:12:10.044 [warning] [Decorations] CAPPING events from decorations provider vscode.git 260
2023-12-03 20:12:15.213 [warning] [Decorations] CAPPING events from decorations provider vscode.git 260
2023-12-03 20:12:20.331 [warning] [Decorations] CAPPING events from decorations provider vscode.git 260
2023-12-03 20:12:25.417 [warning] [Decorations] CAPPING events from decorations provider vscode.git 260
2023-12-03 20:12:30.535 [warning] [Decorations] CAPPING events from decorations provider vscode.git 260
2023-12-03 20:12:35.740 [warning] [Decorations] CAPPING events from decorations provider vscode.git 260
2023-12-03 20:12:40.945 [warning] [Decorations] CAPPING events from decorations provider vscode.git 260
2023-12-03 20:12:46.160 [warning] [Decorations] CAPPING events from decorations provider vscode.git 260
2023-12-03 20:12:51.361 [warning] [Decorations] CAPPING events from decorations provider vscode.git 260
2023-12-03 20:12:56.544 [warning] [Decorations] CAPPING events from decorations provider vscode.git 260
2023-12-03 20:13:01.698 [warning] [Decorations] CAPPING events from decorations provider vscode.git 260
2023-12-03 20:13:06.982 [warning] [Decorations] CAPPING events from decorations provider vscode.git 260
2023-12-03 20:13:12.260 [warning] [Decorations] CAPPING events from decorations provider vscode.git 260
2023-12-03 20:13:17.446 [warning] [Decorations] CAPPING events from decorations provider vscode.git 260
2023-12-03 20:13:22.648 [warning] [Decorations] CAPPING events from decorations provider vscode.git 260
2023-12-03 20:13:27.849 [warning] [Decorations] CAPPING events from decorations provider vscode.git 260
2023-12-03 20:13:33.154 [warning] [Decorations] CAPPING events from decorations provider vscode.git 260
2023-12-03 20:13:38.292 [warning] [Decorations] CAPPING events from decorations provider vscode.git 260
2023-12-03 20:13:43.468 [warning] [Decorations] CAPPING events from decorations provider vscode.git 260
2023-12-03 20:13:48.687 [warning] [Decorations] CAPPING events from decorations provider vscode.git 260
2023-12-03 20:13:53.918 [warning] [Decorations] CAPPING events from decorations provider vscode.git 260
2023-12-03 20:13:59.092 [warning] [Decorations] CAPPING events from decorations provider vscode.git 260
2023-12-03 20:14:04.333 [warning] [Decorations] CAPPING events from decorations provider vscode.git 261
2023-12-03 20:14:09.577 [warning] [Decorations] CAPPING events from decorations provider vscode.git 261
2023-12-03 20:14:14.836 [warning] [Decorations] CAPPING events from decorations provider vscode.git 261
2023-12-03 20:14:20.109 [warning] [Decorations] CAPPING events from decorations provider vscode.git 261
2023-12-03 20:14:25.350 [warning] [Decorations] CAPPING events from decorations provider vscode.git 261
2023-12-03 20:14:30.605 [warning] [Decorations] CAPPING events from decorations provider vscode.git 261
2023-12-03 20:14:35.802 [warning] [Decorations] CAPPING events from decorations provider vscode.git 261
2023-12-03 20:14:41.042 [warning] [Decorations] CAPPING events from decorations provider vscode.git 261
2023-12-03 20:14:46.190 [warning] [Decorations] CAPPING events from decorations provider vscode.git 261
2023-12-03 20:14:51.376 [warning] [Decorations] CAPPING events from decorations provider vscode.git 261
2023-12-03 20:14:56.553 [warning] [Decorations] CAPPING events from decorations provider vscode.git 261
2023-12-03 20:15:01.719 [warning] [Decorations] CAPPING events from decorations provider vscode.git 261
2023-12-03 20:15:06.958 [warning] [Decorations] CAPPING events from decorations provider vscode.git 261
2023-12-03 20:15:12.107 [warning] [Decorations] CAPPING events from decorations provider vscode.git 261
2023-12-03 20:15:17.247 [warning] [Decorations] CAPPING events from decorations provider vscode.git 261
2023-12-03 20:15:22.379 [warning] [Decorations] CAPPING events from decorations provider vscode.git 261
2023-12-03 20:15:27.538 [warning] [Decorations] CAPPING events from decorations provider vscode.git 262
2023-12-03 20:15:32.800 [warning] [Decorations] CAPPING events from decorations provider vscode.git 261
2023-12-03 20:15:38.014 [warning] [Decorations] CAPPING events from decorations provider vscode.git 261
2023-12-03 20:15:43.269 [warning] [Decorations] CAPPING events from decorations provider vscode.git 261
2023-12-03 20:15:48.472 [warning] [Decorations] CAPPING events from decorations provider vscode.git 261
2023-12-03 20:15:53.697 [warning] [Decorations] CAPPING events from decorations provider vscode.git 261
2023-12-03 20:15:58.968 [warning] [Decorations] CAPPING events from decorations provider vscode.git 261
2023-12-03 20:16:04.181 [warning] [Decorations] CAPPING events from decorations provider vscode.git 261
2023-12-03 20:16:09.525 [warning] [Decorations] CAPPING events from decorations provider vscode.git 261
2023-12-03 20:18:40.157 [warning] [Decorations] CAPPING events from decorations provider vscode.git 261
2023-12-03 20:18:45.238 [warning] [Decorations] CAPPING events from decorations provider vscode.git 261
2023-12-03 20:18:50.321 [warning] [Decorations] CAPPING events from decorations provider vscode.git 261
2023-12-03 20:18:55.553 [warning] [Decorations] CAPPING events from decorations provider vscode.git 262
2023-12-03 20:19:00.782 [warning] [Decorations] CAPPING events from decorations provider vscode.git 262
2023-12-03 20:19:06.054 [warning] [Decorations] CAPPING events from decorations provider vscode.git 262
2023-12-03 20:19:11.342 [warning] [Decorations] CAPPING events from decorations provider vscode.git 262
2023-12-03 20:19:16.520 [warning] [Decorations] CAPPING events from decorations provider vscode.git 262
2023-12-03 20:19:21.794 [warning] [Decorations] CAPPING events from decorations provider vscode.git 262
2023-12-03 20:19:26.975 [warning] [Decorations] CAPPING events from decorations provider vscode.git 262
2023-12-03 20:19:32.241 [warning] [Decorations] CAPPING events from decorations provider vscode.git 262
2023-12-03 20:19:37.416 [warning] [Decorations] CAPPING events from decorations provider vscode.git 262
2023-12-03 20:19:42.685 [warning] [Decorations] CAPPING events from decorations provider vscode.git 262
2023-12-03 20:19:47.939 [warning] [Decorations] CAPPING events from decorations provider vscode.git 262
2023-12-03 20:19:53.214 [warning] [Decorations] CAPPING events from decorations provider vscode.git 262
2023-12-03 20:19:58.328 [warning] [Decorations] CAPPING events from decorations provider vscode.git 262
2023-12-03 20:20:03.496 [warning] [Decorations] CAPPING events from decorations provider vscode.git 262
2023-12-03 20:20:08.689 [warning] [Decorations] CAPPING events from decorations provider vscode.git 262
2023-12-03 20:20:13.919 [warning] [Decorations] CAPPING events from decorations provider vscode.git 262
2023-12-03 20:20:19.087 [warning] [Decorations] CAPPING events from decorations provider vscode.git 262
2023-12-03 20:20:24.315 [warning] [Decorations] CAPPING events from decorations provider vscode.git 263
2023-12-03 20:20:29.575 [warning] [Decorations] CAPPING events from decorations provider vscode.git 262
2023-12-03 20:20:34.833 [warning] [Decorations] CAPPING events from decorations provider vscode.git 262
2023-12-03 20:20:40.067 [warning] [Decorations] CAPPING events from decorations provider vscode.git 262
2023-12-03 20:20:45.321 [warning] [Decorations] CAPPING events from decorations provider vscode.git 262
2023-12-03 20:20:50.442 [warning] [Decorations] CAPPING events from decorations provider vscode.git 262
2023-12-03 20:20:55.616 [warning] [Decorations] CAPPING events from decorations provider vscode.git 262
2023-12-03 20:21:00.767 [warning] [Decorations] CAPPING events from decorations provider vscode.git 263
2023-12-03 20:21:06.032 [warning] [Decorations] CAPPING events from decorations provider vscode.git 263
2023-12-03 20:21:11.224 [warning] [Decorations] CAPPING events from decorations provider vscode.git 263
2023-12-03 20:21:16.374 [warning] [Decorations] CAPPING events from decorations provider vscode.git 263
2023-12-03 20:21:21.607 [warning] [Decorations] CAPPING events from decorations provider vscode.git 263
2023-12-03 20:21:26.820 [warning] [Decorations] CAPPING events from decorations provider vscode.git 263
2023-12-03 20:21:32.076 [warning] [Decorations] CAPPING events from decorations provider vscode.git 263
2023-12-03 20:21:37.256 [warning] [Decorations] CAPPING events from decorations provider vscode.git 263
2023-12-03 20:21:42.537 [warning] [Decorations] CAPPING events from decorations provider vscode.git 263
2023-12-03 20:21:47.742 [warning] [Decorations] CAPPING events from decorations provider vscode.git 263
2023-12-03 20:21:52.984 [warning] [Decorations] CAPPING events from decorations provider vscode.git 263
2023-12-03 20:21:58.080 [warning] [Decorations] CAPPING events from decorations provider vscode.git 263
2023-12-03 20:22:03.272 [warning] [Decorations] CAPPING events from decorations provider vscode.git 263
2023-12-03 20:22:08.505 [warning] [Decorations] CAPPING events from decorations provider vscode.git 263
2023-12-03 20:22:13.681 [warning] [Decorations] CAPPING events from decorations provider vscode.git 263
2023-12-03 20:22:18.922 [warning] [Decorations] CAPPING events from decorations provider vscode.git 263
2023-12-03 20:22:24.167 [warning] [Decorations] CAPPING events from decorations provider vscode.git 263
2023-12-03 20:22:29.457 [warning] [Decorations] CAPPING events from decorations provider vscode.git 263
2023-12-03 20:22:34.638 [warning] [Decorations] CAPPING events from decorations provider vscode.git 263
2023-12-03 20:22:39.808 [warning] [Decorations] CAPPING events from decorations provider vscode.git 263
2023-12-03 20:22:45.061 [warning] [Decorations] CAPPING events from decorations provider vscode.git 263
2023-12-03 20:22:50.290 [warning] [Decorations] CAPPING events from decorations provider vscode.git 263
2023-12-03 20:22:55.472 [warning] [Decorations] CAPPING events from decorations provider vscode.git 263
2023-12-03 20:23:00.624 [warning] [Decorations] CAPPING events from decorations provider vscode.git 263
2023-12-03 20:23:05.793 [warning] [Decorations] CAPPING events from decorations provider vscode.git 263
2023-12-03 20:23:11.008 [warning] [Decorations] CAPPING events from decorations provider vscode.git 264
2023-12-03 20:23:16.281 [warning] [Decorations] CAPPING events from decorations provider vscode.git 263
2023-12-03 20:23:21.475 [warning] [Decorations] CAPPING events from decorations provider vscode.git 263
2023-12-03 20:23:26.730 [warning] [Decorations] CAPPING events from decorations provider vscode.git 263
2023-12-03 20:23:31.844 [warning] [Decorations] CAPPING events from decorations provider vscode.git 263
2023-12-03 20:25:20.038 [warning] [Decorations] CAPPING events from decorations provider vscode.git 263
2023-12-03 20:25:25.341 [warning] [Decorations] CAPPING events from decorations provider vscode.git 263
2023-12-03 20:25:30.606 [warning] [Decorations] CAPPING events from decorations provider vscode.git 263
2023-12-03 20:25:35.856 [warning] [Decorations] CAPPING events from decorations provider vscode.git 263
2023-12-03 20:25:41.103 [warning] [Decorations] CAPPING events from decorations provider vscode.git 263
2023-12-03 20:31:11.141 [warning] [Decorations] CAPPING events from decorations provider vscode.git 263
2023-12-03 20:31:16.334 [warning] [Decorations] CAPPING events from decorations provider vscode.git 263
2023-12-03 20:31:21.625 [warning] [Decorations] CAPPING events from decorations provider vscode.git 263
2023-12-03 20:31:26.762 [warning] [Decorations] CAPPING events from decorations provider vscode.git 263
2023-12-03 20:31:31.990 [warning] [Decorations] CAPPING events from decorations provider vscode.git 263
2023-12-03 20:31:37.288 [warning] [Decorations] CAPPING events from decorations provider vscode.git 263
2023-12-03 20:31:42.536 [warning] [Decorations] CAPPING events from decorations provider vscode.git 263
2023-12-03 20:31:47.783 [warning] [Decorations] CAPPING events from decorations provider vscode.git 263
2023-12-03 20:31:53.041 [warning] [Decorations] CAPPING events from decorations provider vscode.git 263
2023-12-03 20:31:58.176 [warning] [Decorations] CAPPING events from decorations provider vscode.git 263
2023-12-03 20:32:03.320 [warning] [Decorations] CAPPING events from decorations provider vscode.git 263
2023-12-03 20:32:08.422 [warning] [Decorations] CAPPING events from decorations provider vscode.git 263
2023-12-03 20:32:13.601 [warning] [Decorations] CAPPING events from decorations provider vscode.git 263
2023-12-03 20:32:18.683 [warning] [Decorations] CAPPING events from decorations provider vscode.git 263
2023-12-03 20:32:23.925 [warning] [Decorations] CAPPING events from decorations provider vscode.git 263
2023-12-03 20:32:29.200 [warning] [Decorations] CAPPING events from decorations provider vscode.git 263
2023-12-03 20:32:34.464 [warning] [Decorations] CAPPING events from decorations provider vscode.git 263
2023-12-03 20:32:39.634 [warning] [Decorations] CAPPING events from decorations provider vscode.git 263
2023-12-03 20:32:44.873 [warning] [Decorations] CAPPING events from decorations provider vscode.git 263
2023-12-03 20:32:50.136 [warning] [Decorations] CAPPING events from decorations provider vscode.git 263
2023-12-03 20:32:55.379 [warning] [Decorations] CAPPING events from decorations provider vscode.git 263
2023-12-03 20:33:00.698 [warning] [Decorations] CAPPING events from decorations provider vscode.git 263
2023-12-03 20:33:05.917 [warning] [Decorations] CAPPING events from decorations provider vscode.git 263
2023-12-03 20:33:11.070 [warning] [Decorations] CAPPING events from decorations provider vscode.git 263
2023-12-03 20:33:16.325 [warning] [Decorations] CAPPING events from decorations provider vscode.git 263
2023-12-03 20:33:21.545 [warning] [Decorations] CAPPING events from decorations provider vscode.git 263
2023-12-03 20:33:26.788 [warning] [Decorations] CAPPING events from decorations provider vscode.git 263
2023-12-03 20:33:32.050 [warning] [Decorations] CAPPING events from decorations provider vscode.git 263
2023-12-03 20:33:37.301 [warning] [Decorations] CAPPING events from decorations provider vscode.git 263
2023-12-03 20:33:42.570 [warning] [Decorations] CAPPING events from decorations provider vscode.git 263
2023-12-03 20:33:47.833 [warning] [Decorations] CAPPING events from decorations provider vscode.git 263
2023-12-03 20:33:52.934 [warning] [Decorations] CAPPING events from decorations provider vscode.git 263
2023-12-03 20:33:58.050 [warning] [Decorations] CAPPING events from decorations provider vscode.git 263
2023-12-03 20:34:01.004 [info] ExtensionService#_doActivateExtension vscode.grunt, startup: false, activationEvent: 'onTaskType:grunt'
2023-12-03 20:34:01.033 [info] ExtensionService#_doActivateExtension vscode.gulp, startup: false, activationEvent: 'onTaskType:gulp'
2023-12-03 20:34:01.041 [info] ExtensionService#_doActivateExtension vscode.jake, startup: false, activationEvent: 'onTaskType:jake'
2023-12-03 20:34:03.144 [warning] [Decorations] CAPPING events from decorations provider vscode.git 263
2023-12-03 20:34:08.392 [warning] [Decorations] CAPPING events from decorations provider vscode.git 263
2023-12-03 20:34:13.560 [warning] [Decorations] CAPPING events from decorations provider vscode.git 265
2023-12-03 20:34:18.705 [warning] [Decorations] CAPPING events from decorations provider vscode.git 266
2023-12-03 20:34:23.809 [warning] [Decorations] CAPPING events from decorations provider vscode.git 266
2023-12-03 20:34:28.897 [warning] [Decorations] CAPPING events from decorations provider vscode.git 266
2023-12-03 20:34:34.122 [warning] [Decorations] CAPPING events from decorations provider vscode.git 266
2023-12-03 20:34:39.278 [warning] [Decorations] CAPPING events from decorations provider vscode.git 266
2023-12-03 20:34:44.459 [warning] [Decorations] CAPPING events from decorations provider vscode.git 266
2023-12-03 20:34:49.682 [warning] [Decorations] CAPPING events from decorations provider vscode.git 266
2023-12-03 20:34:54.948 [warning] [Decorations] CAPPING events from decorations provider vscode.git 266
2023-12-03 20:35:00.183 [warning] [Decorations] CAPPING events from decorations provider vscode.git 266
2023-12-03 20:35:05.447 [warning] [Decorations] CAPPING events from decorations provider vscode.git 266
2023-12-03 20:35:10.653 [warning] [Decorations] CAPPING events from decorations provider vscode.git 266
2023-12-03 20:35:15.827 [warning] [Decorations] CAPPING events from decorations provider vscode.git 266
2023-12-03 20:35:20.940 [warning] [Decorations] CAPPING events from decorations provider vscode.git 266
2023-12-03 20:35:26.088 [warning] [Decorations] CAPPING events from decorations provider vscode.git 266
2023-12-03 20:35:31.176 [warning] [Decorations] CAPPING events from decorations provider vscode.git 266
2023-12-03 20:35:36.267 [warning] [Decorations] CAPPING events from decorations provider vscode.git 266
2023-12-03 20:35:41.508 [warning] [Decorations] CAPPING events from decorations provider vscode.git 266
2023-12-03 20:35:46.701 [warning] [Decorations] CAPPING events from decorations provider vscode.git 266
2023-12-03 20:35:51.912 [warning] [Decorations] CAPPING events from decorations provider vscode.git 266
2023-12-03 20:35:57.169 [warning] [Decorations] CAPPING events from decorations provider vscode.git 266
2023-12-03 20:36:02.465 [warning] [Decorations] CAPPING events from decorations provider vscode.git 266
2023-12-03 20:36:07.699 [warning] [Decorations] CAPPING events from decorations provider vscode.git 266
2023-12-03 20:36:12.998 [warning] [Decorations] CAPPING events from decorations provider vscode.git 266
2023-12-03 20:36:18.257 [warning] [Decorations] CAPPING events from decorations provider vscode.git 266
2023-12-03 20:36:23.501 [warning] [Decorations] CAPPING events from decorations provider vscode.git 266
2023-12-03 20:36:28.714 [warning] [Decorations] CAPPING events from decorations provider vscode.git 266
2023-12-03 20:36:33.918 [warning] [Decorations] CAPPING events from decorations provider vscode.git 266
2023-12-03 20:36:39.160 [warning] [Decorations] CAPPING events from decorations provider vscode.git 266
2023-12-03 20:36:44.330 [warning] [Decorations] CAPPING events from decorations provider vscode.git 266
2023-12-03 20:36:49.545 [warning] [Decorations] CAPPING events from decorations provider vscode.git 266
2023-12-03 20:36:54.769 [warning] [Decorations] CAPPING events from decorations provider vscode.git 266
2023-12-03 20:36:59.994 [warning] [Decorations] CAPPING events from decorations provider vscode.git 266
2023-12-03 20:37:05.255 [warning] [Decorations] CAPPING events from decorations provider vscode.git 266
2023-12-03 20:37:10.541 [warning] [Decorations] CAPPING events from decorations provider vscode.git 266
2023-12-03 20:37:15.797 [warning] [Decorations] CAPPING events from decorations provider vscode.git 266
2023-12-03 20:37:20.961 [warning] [Decorations] CAPPING events from decorations provider vscode.git 266
2023-12-03 20:37:26.243 [warning] [Decorations] CAPPING events from decorations provider vscode.git 266
2023-12-03 20:37:31.377 [warning] [Decorations] CAPPING events from decorations provider vscode.git 266
2023-12-03 20:37:36.567 [warning] [Decorations] CAPPING events from decorations provider vscode.git 266
